<?xml version="1.0" encoding="UTF-8"?>
<!-- Generated by org.testng.reporters.JUnitXMLReporter -->
<testsuite hostname="JyotiP-desk" ignored="0" name="Command line test" tests="5" failures="0" timestamp="03 Oct 2019 11:37:56 GMT" time="0.421" errors="0">
  <testcase name="@BeforeMethod settest" time="0.396" classname="test.DemoAppTest">
    <failure type="java.lang.IllegalAccessError" message="tried to access method com.google.common.util.concurrent.SimpleTimeLimiter.&amp;lt;init&amp;gt;(Ljava/util/concurrent/ExecutorService;)V from class org.openqa.selenium.net.UrlChecker">
      <![CDATA[java.lang.IllegalAccessError: tried to access method com.google.common.util.concurrent.SimpleTimeLimiter.<init>(Ljava/util/concurrent/ExecutorService;)V from class org.openqa.selenium.net.UrlChecker
at org.openqa.selenium.net.UrlChecker.<init>(UrlChecker.java:67)
at org.openqa.selenium.remote.service.DriverService.waitUntilAvailable(DriverService.java:175)
at org.openqa.selenium.remote.service.DriverService.start(DriverService.java:166)
at org.openqa.selenium.remote.service.DriverCommandExecutor.execute(DriverCommandExecutor.java:78)
at org.openqa.selenium.remote.RemoteWebDriver.execute(RemoteWebDriver.java:601)
at org.openqa.selenium.remote.RemoteWebDriver.startSession(RemoteWebDriver.java:241)
at org.openqa.selenium.remote.RemoteWebDriver.<init>(RemoteWebDriver.java:128)
at org.openqa.selenium.remote.RemoteWebDriver.<init>(RemoteWebDriver.java:141)
at org.openqa.selenium.chrome.ChromeDriver.<init>(ChromeDriver.java:174)
at org.openqa.selenium.chrome.ChromeDriver.<init>(ChromeDriver.java:163)
at org.openqa.selenium.chrome.ChromeDriver.<init>(ChromeDriver.java:120)
at Utility.BrowserDetails.setup(BrowserDetails.java:61)
at test.DemoAppTest.settest(DemoAppTest.java:42)
... Removed 37 stack frames]]>
    </failure>
  </testcase> <!-- @BeforeMethod settest -->
  <testcase name="@AfterMethod close" time="0.0" classname="Utility.BrowserDetails">
    <skipped/>
  </testcase> <!-- @AfterMethod close -->
  <testcase name="@BeforeMethod settest" time="0.0" classname="test.DemoAppTest">
    <skipped/>
  </testcase> <!-- @BeforeMethod settest -->
  <testcase name="@AfterMethod close" time="0.0" classname="Utility.BrowserDetails">
    <skipped/>
  </testcase> <!-- @AfterMethod close -->
  <testcase name="@BeforeMethod settest" time="0.0" classname="test.DemoAppTest">
    <skipped/>
  </testcase> <!-- @BeforeMethod settest -->
  <testcase name="@AfterMethod close" time="0.0" classname="Utility.BrowserDetails">
    <skipped/>
  </testcase> <!-- @AfterMethod close -->
  <testcase name="@BeforeMethod settest" time="0.0" classname="test.DemoAppTest">
    <skipped/>
  </testcase> <!-- @BeforeMethod settest -->
  <testcase name="@AfterMethod close" time="0.0" classname="Utility.BrowserDetails">
    <skipped/>
  </testcase> <!-- @AfterMethod close -->
  <testcase name="@BeforeMethod settest" time="0.0" classname="test.DemoAppTest">
    <skipped/>
  </testcase> <!-- @BeforeMethod settest -->
  <testcase name="@AfterMethod close" time="0.0" classname="Utility.BrowserDetails">
    <skipped/>
  </testcase> <!-- @AfterMethod close -->
  <testcase name="AccountCreate" time="0.0" classname="test.DemoAppTest">
    <skipped/>
  </testcase> <!-- AccountCreate -->
  <testcase name="Downloadpdf" time="0.0" classname="test.DemoAppTest">
    <skipped/>
  </testcase> <!-- Downloadpdf -->
  <testcase name="InvalidDataCase" time="0.0" classname="test.DemoAppTest">
    <skipped/>
  </testcase> <!-- InvalidDataCase -->
  <testcase name="ProductCheckout" time="0.0" classname="test.DemoAppTest">
    <skipped/>
  </testcase> <!-- ProductCheckout -->
  <testcase name="SearchData" time="0.0" classname="test.DemoAppTest">
    <skipped/>
  </testcase> <!-- SearchData -->
</testsuite> <!-- Command line test -->
