<?xml version="1.0" encoding="UTF-8"?>
<testng-results skipped="5" failed="0" ignored="0" total="5" passed="0">
  <reporter-output>
  </reporter-output>
  <suite name="test.DemoAppTest" duration-ms="421" started-at="2019-10-03T11:37:56Z" finished-at="2019-10-03T11:37:56Z">
    <groups>
    </groups>
    <test name="Command line test" duration-ms="421" started-at="2019-10-03T11:37:56Z" finished-at="2019-10-03T11:37:56Z">
      <class name="test.DemoAppTest">
        <test-method status="FAIL" signature="settest()[pri:0, instance:test.DemoAppTest@3e6fa38a]" name="settest" is-config="true" duration-ms="396" started-at="2019-10-03T11:37:56Z" finished-at="2019-10-03T11:37:56Z">
          <exception class="java.lang.IllegalAccessError">
            <message>
              <![CDATA[tried to access method com.google.common.util.concurrent.SimpleTimeLimiter.<init>(Ljava/util/concurrent/ExecutorService;)V from class org.openqa.selenium.net.UrlChecker]]>
            </message>
            <full-stacktrace>
              <![CDATA[java.lang.IllegalAccessError: tried to access method com.google.common.util.concurrent.SimpleTimeLimiter.<init>(Ljava/util/concurrent/ExecutorService;)V from class org.openqa.selenium.net.UrlChecker
at org.openqa.selenium.net.UrlChecker.<init>(UrlChecker.java:67)
at org.openqa.selenium.remote.service.DriverService.waitUntilAvailable(DriverService.java:175)
at org.openqa.selenium.remote.service.DriverService.start(DriverService.java:166)
at org.openqa.selenium.remote.service.DriverCommandExecutor.execute(DriverCommandExecutor.java:78)
at org.openqa.selenium.remote.RemoteWebDriver.execute(RemoteWebDriver.java:601)
at org.openqa.selenium.remote.RemoteWebDriver.startSession(RemoteWebDriver.java:241)
at org.openqa.selenium.remote.RemoteWebDriver.<init>(RemoteWebDriver.java:128)
at org.openqa.selenium.remote.RemoteWebDriver.<init>(RemoteWebDriver.java:141)
at org.openqa.selenium.chrome.ChromeDriver.<init>(ChromeDriver.java:174)
at org.openqa.selenium.chrome.ChromeDriver.<init>(ChromeDriver.java:163)
at org.openqa.selenium.chrome.ChromeDriver.<init>(ChromeDriver.java:120)
at Utility.BrowserDetails.setup(BrowserDetails.java:61)
at test.DemoAppTest.settest(DemoAppTest.java:42)
at sun.reflect.NativeMethodAccessorImpl.invoke0(Native Method)
at sun.reflect.NativeMethodAccessorImpl.invoke(NativeMethodAccessorImpl.java:62)
at sun.reflect.DelegatingMethodAccessorImpl.invoke(DelegatingMethodAccessorImpl.java:43)
at java.lang.reflect.Method.invoke(Method.java:498)
at org.testng.internal.MethodInvocationHelper.invokeMethod(MethodInvocationHelper.java:124)
at org.testng.internal.MethodInvocationHelper.invokeMethodConsideringTimeout(MethodInvocationHelper.java:59)
at org.testng.internal.Invoker.invokeConfigurationMethod(Invoker.java:458)
at org.testng.internal.Invoker.invokeConfigurations(Invoker.java:222)
at org.testng.internal.Invoker.invokeMethod(Invoker.java:523)
at org.testng.internal.Invoker.invokeTestMethod(Invoker.java:719)
at org.testng.internal.Invoker.invokeTestMethods(Invoker.java:989)
at org.testng.internal.TestMethodWorker.invokeTestMethods(TestMethodWorker.java:125)
at org.testng.internal.TestMethodWorker.run(TestMethodWorker.java:109)
at org.testng.TestRunner.privateRun(TestRunner.java:648)
at org.testng.TestRunner.run(TestRunner.java:505)
at org.testng.SuiteRunner.runTest(SuiteRunner.java:455)
at org.testng.SuiteRunner.runSequentially(SuiteRunner.java:450)
at org.testng.SuiteRunner.privateRun(SuiteRunner.java:415)
at org.testng.SuiteRunner.run(SuiteRunner.java:364)
at org.testng.SuiteRunnerWorker.runSuite(SuiteRunnerWorker.java:52)
at org.testng.SuiteRunnerWorker.run(SuiteRunnerWorker.java:84)
at org.testng.TestNG.runSuitesSequentially(TestNG.java:1208)
at org.testng.TestNG.runSuitesLocally(TestNG.java:1137)
at org.testng.TestNG.runSuites(TestNG.java:1049)
at org.testng.TestNG.run(TestNG.java:1017)
at org.apache.maven.surefire.testng.TestNGExecutor.run(TestNGExecutor.java:77)
at org.apache.maven.surefire.testng.TestNGDirectoryTestSuite.execute(TestNGDirectoryTestSuite.java:110)
at org.apache.maven.surefire.testng.TestNGProvider.invoke(TestNGProvider.java:106)
at sun.reflect.NativeMethodAccessorImpl.invoke0(Native Method)
at sun.reflect.NativeMethodAccessorImpl.invoke(NativeMethodAccessorImpl.java:62)
at sun.reflect.DelegatingMethodAccessorImpl.invoke(DelegatingMethodAccessorImpl.java:43)
at java.lang.reflect.Method.invoke(Method.java:498)
at org.apache.maven.surefire.util.ReflectionUtils.invokeMethodWithArray(ReflectionUtils.java:189)
at org.apache.maven.surefire.booter.ProviderFactory$ProviderProxy.invoke(ProviderFactory.java:165)
at org.apache.maven.surefire.booter.ProviderFactory.invokeProvider(ProviderFactory.java:85)
at org.apache.maven.surefire.booter.ForkedBooter.runSuitesInProcess(ForkedBooter.java:115)
at org.apache.maven.surefire.booter.ForkedBooter.main(ForkedBooter.java:75)
]]>
            </full-stacktrace>
          </exception> <!-- java.lang.IllegalAccessError -->
          <reporter-output>
          </reporter-output>
        </test-method> <!-- settest -->
        <test-method status="SKIP" signature="AccountCreate(java.lang.String)[pri:0, instance:test.DemoAppTest@3e6fa38a]" name="AccountCreate" duration-ms="0" started-at="2019-10-03T11:37:56Z" finished-at="2019-10-03T11:37:56Z">
          <exception class="java.lang.IllegalAccessError">
            <message>
              <![CDATA[tried to access method com.google.common.util.concurrent.SimpleTimeLimiter.<init>(Ljava/util/concurrent/ExecutorService;)V from class org.openqa.selenium.net.UrlChecker]]>
            </message>
            <full-stacktrace>
              <![CDATA[java.lang.IllegalAccessError: tried to access method com.google.common.util.concurrent.SimpleTimeLimiter.<init>(Ljava/util/concurrent/ExecutorService;)V from class org.openqa.selenium.net.UrlChecker
at org.openqa.selenium.net.UrlChecker.<init>(UrlChecker.java:67)
at org.openqa.selenium.remote.service.DriverService.waitUntilAvailable(DriverService.java:175)
at org.openqa.selenium.remote.service.DriverService.start(DriverService.java:166)
at org.openqa.selenium.remote.service.DriverCommandExecutor.execute(DriverCommandExecutor.java:78)
at org.openqa.selenium.remote.RemoteWebDriver.execute(RemoteWebDriver.java:601)
at org.openqa.selenium.remote.RemoteWebDriver.startSession(RemoteWebDriver.java:241)
at org.openqa.selenium.remote.RemoteWebDriver.<init>(RemoteWebDriver.java:128)
at org.openqa.selenium.remote.RemoteWebDriver.<init>(RemoteWebDriver.java:141)
at org.openqa.selenium.chrome.ChromeDriver.<init>(ChromeDriver.java:174)
at org.openqa.selenium.chrome.ChromeDriver.<init>(ChromeDriver.java:163)
at org.openqa.selenium.chrome.ChromeDriver.<init>(ChromeDriver.java:120)
at Utility.BrowserDetails.setup(BrowserDetails.java:61)
at test.DemoAppTest.settest(DemoAppTest.java:42)
at sun.reflect.NativeMethodAccessorImpl.invoke0(Native Method)
at sun.reflect.NativeMethodAccessorImpl.invoke(NativeMethodAccessorImpl.java:62)
at sun.reflect.DelegatingMethodAccessorImpl.invoke(DelegatingMethodAccessorImpl.java:43)
at java.lang.reflect.Method.invoke(Method.java:498)
at org.testng.internal.MethodInvocationHelper.invokeMethod(MethodInvocationHelper.java:124)
at org.testng.internal.MethodInvocationHelper.invokeMethodConsideringTimeout(MethodInvocationHelper.java:59)
at org.testng.internal.Invoker.invokeConfigurationMethod(Invoker.java:458)
at org.testng.internal.Invoker.invokeConfigurations(Invoker.java:222)
at org.testng.internal.Invoker.invokeMethod(Invoker.java:523)
at org.testng.internal.Invoker.invokeTestMethod(Invoker.java:719)
at org.testng.internal.Invoker.invokeTestMethods(Invoker.java:989)
at org.testng.internal.TestMethodWorker.invokeTestMethods(TestMethodWorker.java:125)
at org.testng.internal.TestMethodWorker.run(TestMethodWorker.java:109)
at org.testng.TestRunner.privateRun(TestRunner.java:648)
at org.testng.TestRunner.run(TestRunner.java:505)
at org.testng.SuiteRunner.runTest(SuiteRunner.java:455)
at org.testng.SuiteRunner.runSequentially(SuiteRunner.java:450)
at org.testng.SuiteRunner.privateRun(SuiteRunner.java:415)
at org.testng.SuiteRunner.run(SuiteRunner.java:364)
at org.testng.SuiteRunnerWorker.runSuite(SuiteRunnerWorker.java:52)
at org.testng.SuiteRunnerWorker.run(SuiteRunnerWorker.java:84)
at org.testng.TestNG.runSuitesSequentially(TestNG.java:1208)
at org.testng.TestNG.runSuitesLocally(TestNG.java:1137)
at org.testng.TestNG.runSuites(TestNG.java:1049)
at org.testng.TestNG.run(TestNG.java:1017)
at org.apache.maven.surefire.testng.TestNGExecutor.run(TestNGExecutor.java:77)
at org.apache.maven.surefire.testng.TestNGDirectoryTestSuite.execute(TestNGDirectoryTestSuite.java:110)
at org.apache.maven.surefire.testng.TestNGProvider.invoke(TestNGProvider.java:106)
at sun.reflect.NativeMethodAccessorImpl.invoke0(Native Method)
at sun.reflect.NativeMethodAccessorImpl.invoke(NativeMethodAccessorImpl.java:62)
at sun.reflect.DelegatingMethodAccessorImpl.invoke(DelegatingMethodAccessorImpl.java:43)
at java.lang.reflect.Method.invoke(Method.java:498)
at org.apache.maven.surefire.util.ReflectionUtils.invokeMethodWithArray(ReflectionUtils.java:189)
at org.apache.maven.surefire.booter.ProviderFactory$ProviderProxy.invoke(ProviderFactory.java:165)
at org.apache.maven.surefire.booter.ProviderFactory.invokeProvider(ProviderFactory.java:85)
at org.apache.maven.surefire.booter.ForkedBooter.runSuitesInProcess(ForkedBooter.java:115)
at org.apache.maven.surefire.booter.ForkedBooter.main(ForkedBooter.java:75)
]]>
            </full-stacktrace>
          </exception> <!-- java.lang.IllegalAccessError -->
          <reporter-output>
          </reporter-output>
        </test-method> <!-- AccountCreate -->
        <test-method status="SKIP" signature="close()[pri:0, instance:test.DemoAppTest@3e6fa38a]" name="close" is-config="true" duration-ms="0" started-at="2019-10-03T11:37:56Z" finished-at="2019-10-03T11:37:56Z">
          <reporter-output>
          </reporter-output>
        </test-method> <!-- close -->
        <test-method status="SKIP" signature="settest()[pri:0, instance:test.DemoAppTest@3e6fa38a]" name="settest" is-config="true" duration-ms="0" started-at="2019-10-03T11:37:56Z" finished-at="2019-10-03T11:37:56Z">
          <reporter-output>
          </reporter-output>
        </test-method> <!-- settest -->
        <test-method status="SKIP" signature="Downloadpdf(java.lang.String)[pri:0, instance:test.DemoAppTest@3e6fa38a]" name="Downloadpdf" duration-ms="0" started-at="2019-10-03T11:37:56Z" finished-at="2019-10-03T11:37:56Z">
          <exception class="java.lang.IllegalAccessError">
            <message>
              <![CDATA[tried to access method com.google.common.util.concurrent.SimpleTimeLimiter.<init>(Ljava/util/concurrent/ExecutorService;)V from class org.openqa.selenium.net.UrlChecker]]>
            </message>
            <full-stacktrace>
              <![CDATA[java.lang.IllegalAccessError: tried to access method com.google.common.util.concurrent.SimpleTimeLimiter.<init>(Ljava/util/concurrent/ExecutorService;)V from class org.openqa.selenium.net.UrlChecker
at org.openqa.selenium.net.UrlChecker.<init>(UrlChecker.java:67)
at org.openqa.selenium.remote.service.DriverService.waitUntilAvailable(DriverService.java:175)
at org.openqa.selenium.remote.service.DriverService.start(DriverService.java:166)
at org.openqa.selenium.remote.service.DriverCommandExecutor.execute(DriverCommandExecutor.java:78)
at org.openqa.selenium.remote.RemoteWebDriver.execute(RemoteWebDriver.java:601)
at org.openqa.selenium.remote.RemoteWebDriver.startSession(RemoteWebDriver.java:241)
at org.openqa.selenium.remote.RemoteWebDriver.<init>(RemoteWebDriver.java:128)
at org.openqa.selenium.remote.RemoteWebDriver.<init>(RemoteWebDriver.java:141)
at org.openqa.selenium.chrome.ChromeDriver.<init>(ChromeDriver.java:174)
at org.openqa.selenium.chrome.ChromeDriver.<init>(ChromeDriver.java:163)
at org.openqa.selenium.chrome.ChromeDriver.<init>(ChromeDriver.java:120)
at Utility.BrowserDetails.setup(BrowserDetails.java:61)
at test.DemoAppTest.settest(DemoAppTest.java:42)
at sun.reflect.NativeMethodAccessorImpl.invoke0(Native Method)
at sun.reflect.NativeMethodAccessorImpl.invoke(NativeMethodAccessorImpl.java:62)
at sun.reflect.DelegatingMethodAccessorImpl.invoke(DelegatingMethodAccessorImpl.java:43)
at java.lang.reflect.Method.invoke(Method.java:498)
at org.testng.internal.MethodInvocationHelper.invokeMethod(MethodInvocationHelper.java:124)
at org.testng.internal.MethodInvocationHelper.invokeMethodConsideringTimeout(MethodInvocationHelper.java:59)
at org.testng.internal.Invoker.invokeConfigurationMethod(Invoker.java:458)
at org.testng.internal.Invoker.invokeConfigurations(Invoker.java:222)
at org.testng.internal.Invoker.invokeMethod(Invoker.java:523)
at org.testng.internal.Invoker.invokeTestMethod(Invoker.java:719)
at org.testng.internal.Invoker.invokeTestMethods(Invoker.java:989)
at org.testng.internal.TestMethodWorker.invokeTestMethods(TestMethodWorker.java:125)
at org.testng.internal.TestMethodWorker.run(TestMethodWorker.java:109)
at org.testng.TestRunner.privateRun(TestRunner.java:648)
at org.testng.TestRunner.run(TestRunner.java:505)
at org.testng.SuiteRunner.runTest(SuiteRunner.java:455)
at org.testng.SuiteRunner.runSequentially(SuiteRunner.java:450)
at org.testng.SuiteRunner.privateRun(SuiteRunner.java:415)
at org.testng.SuiteRunner.run(SuiteRunner.java:364)
at org.testng.SuiteRunnerWorker.runSuite(SuiteRunnerWorker.java:52)
at org.testng.SuiteRunnerWorker.run(SuiteRunnerWorker.java:84)
at org.testng.TestNG.runSuitesSequentially(TestNG.java:1208)
at org.testng.TestNG.runSuitesLocally(TestNG.java:1137)
at org.testng.TestNG.runSuites(TestNG.java:1049)
at org.testng.TestNG.run(TestNG.java:1017)
at org.apache.maven.surefire.testng.TestNGExecutor.run(TestNGExecutor.java:77)
at org.apache.maven.surefire.testng.TestNGDirectoryTestSuite.execute(TestNGDirectoryTestSuite.java:110)
at org.apache.maven.surefire.testng.TestNGProvider.invoke(TestNGProvider.java:106)
at sun.reflect.NativeMethodAccessorImpl.invoke0(Native Method)
at sun.reflect.NativeMethodAccessorImpl.invoke(NativeMethodAccessorImpl.java:62)
at sun.reflect.DelegatingMethodAccessorImpl.invoke(DelegatingMethodAccessorImpl.java:43)
at java.lang.reflect.Method.invoke(Method.java:498)
at org.apache.maven.surefire.util.ReflectionUtils.invokeMethodWithArray(ReflectionUtils.java:189)
at org.apache.maven.surefire.booter.ProviderFactory$ProviderProxy.invoke(ProviderFactory.java:165)
at org.apache.maven.surefire.booter.ProviderFactory.invokeProvider(ProviderFactory.java:85)
at org.apache.maven.surefire.booter.ForkedBooter.runSuitesInProcess(ForkedBooter.java:115)
at org.apache.maven.surefire.booter.ForkedBooter.main(ForkedBooter.java:75)
]]>
            </full-stacktrace>
          </exception> <!-- java.lang.IllegalAccessError -->
          <reporter-output>
          </reporter-output>
        </test-method> <!-- Downloadpdf -->
        <test-method status="SKIP" signature="close()[pri:0, instance:test.DemoAppTest@3e6fa38a]" name="close" is-config="true" duration-ms="0" started-at="2019-10-03T11:37:56Z" finished-at="2019-10-03T11:37:56Z">
          <reporter-output>
          </reporter-output>
        </test-method> <!-- close -->
        <test-method status="SKIP" signature="settest()[pri:0, instance:test.DemoAppTest@3e6fa38a]" name="settest" is-config="true" duration-ms="0" started-at="2019-10-03T11:37:56Z" finished-at="2019-10-03T11:37:56Z">
          <reporter-output>
          </reporter-output>
        </test-method> <!-- settest -->
        <test-method status="SKIP" signature="close()[pri:0, instance:test.DemoAppTest@3e6fa38a]" name="close" is-config="true" duration-ms="0" started-at="2019-10-03T11:37:56Z" finished-at="2019-10-03T11:37:56Z">
          <reporter-output>
          </reporter-output>
        </test-method> <!-- close -->
        <test-method status="SKIP" signature="InvalidDataCase(java.lang.String)[pri:0, instance:test.DemoAppTest@3e6fa38a]" name="InvalidDataCase" duration-ms="0" started-at="2019-10-03T11:37:56Z" finished-at="2019-10-03T11:37:56Z">
          <exception class="java.lang.IllegalAccessError">
            <message>
              <![CDATA[tried to access method com.google.common.util.concurrent.SimpleTimeLimiter.<init>(Ljava/util/concurrent/ExecutorService;)V from class org.openqa.selenium.net.UrlChecker]]>
            </message>
            <full-stacktrace>
              <![CDATA[java.lang.IllegalAccessError: tried to access method com.google.common.util.concurrent.SimpleTimeLimiter.<init>(Ljava/util/concurrent/ExecutorService;)V from class org.openqa.selenium.net.UrlChecker
at org.openqa.selenium.net.UrlChecker.<init>(UrlChecker.java:67)
at org.openqa.selenium.remote.service.DriverService.waitUntilAvailable(DriverService.java:175)
at org.openqa.selenium.remote.service.DriverService.start(DriverService.java:166)
at org.openqa.selenium.remote.service.DriverCommandExecutor.execute(DriverCommandExecutor.java:78)
at org.openqa.selenium.remote.RemoteWebDriver.execute(RemoteWebDriver.java:601)
at org.openqa.selenium.remote.RemoteWebDriver.startSession(RemoteWebDriver.java:241)
at org.openqa.selenium.remote.RemoteWebDriver.<init>(RemoteWebDriver.java:128)
at org.openqa.selenium.remote.RemoteWebDriver.<init>(RemoteWebDriver.java:141)
at org.openqa.selenium.chrome.ChromeDriver.<init>(ChromeDriver.java:174)
at org.openqa.selenium.chrome.ChromeDriver.<init>(ChromeDriver.java:163)
at org.openqa.selenium.chrome.ChromeDriver.<init>(ChromeDriver.java:120)
at Utility.BrowserDetails.setup(BrowserDetails.java:61)
at test.DemoAppTest.settest(DemoAppTest.java:42)
at sun.reflect.NativeMethodAccessorImpl.invoke0(Native Method)
at sun.reflect.NativeMethodAccessorImpl.invoke(NativeMethodAccessorImpl.java:62)
at sun.reflect.DelegatingMethodAccessorImpl.invoke(DelegatingMethodAccessorImpl.java:43)
at java.lang.reflect.Method.invoke(Method.java:498)
at org.testng.internal.MethodInvocationHelper.invokeMethod(MethodInvocationHelper.java:124)
at org.testng.internal.MethodInvocationHelper.invokeMethodConsideringTimeout(MethodInvocationHelper.java:59)
at org.testng.internal.Invoker.invokeConfigurationMethod(Invoker.java:458)
at org.testng.internal.Invoker.invokeConfigurations(Invoker.java:222)
at org.testng.internal.Invoker.invokeMethod(Invoker.java:523)
at org.testng.internal.Invoker.invokeTestMethod(Invoker.java:719)
at org.testng.internal.Invoker.invokeTestMethods(Invoker.java:989)
at org.testng.internal.TestMethodWorker.invokeTestMethods(TestMethodWorker.java:125)
at org.testng.internal.TestMethodWorker.run(TestMethodWorker.java:109)
at org.testng.TestRunner.privateRun(TestRunner.java:648)
at org.testng.TestRunner.run(TestRunner.java:505)
at org.testng.SuiteRunner.runTest(SuiteRunner.java:455)
at org.testng.SuiteRunner.runSequentially(SuiteRunner.java:450)
at org.testng.SuiteRunner.privateRun(SuiteRunner.java:415)
at org.testng.SuiteRunner.run(SuiteRunner.java:364)
at org.testng.SuiteRunnerWorker.runSuite(SuiteRunnerWorker.java:52)
at org.testng.SuiteRunnerWorker.run(SuiteRunnerWorker.java:84)
at org.testng.TestNG.runSuitesSequentially(TestNG.java:1208)
at org.testng.TestNG.runSuitesLocally(TestNG.java:1137)
at org.testng.TestNG.runSuites(TestNG.java:1049)
at org.testng.TestNG.run(TestNG.java:1017)
at org.apache.maven.surefire.testng.TestNGExecutor.run(TestNGExecutor.java:77)
at org.apache.maven.surefire.testng.TestNGDirectoryTestSuite.execute(TestNGDirectoryTestSuite.java:110)
at org.apache.maven.surefire.testng.TestNGProvider.invoke(TestNGProvider.java:106)
at sun.reflect.NativeMethodAccessorImpl.invoke0(Native Method)
at sun.reflect.NativeMethodAccessorImpl.invoke(NativeMethodAccessorImpl.java:62)
at sun.reflect.DelegatingMethodAccessorImpl.invoke(DelegatingMethodAccessorImpl.java:43)
at java.lang.reflect.Method.invoke(Method.java:498)
at org.apache.maven.surefire.util.ReflectionUtils.invokeMethodWithArray(ReflectionUtils.java:189)
at org.apache.maven.surefire.booter.ProviderFactory$ProviderProxy.invoke(ProviderFactory.java:165)
at org.apache.maven.surefire.booter.ProviderFactory.invokeProvider(ProviderFactory.java:85)
at org.apache.maven.surefire.booter.ForkedBooter.runSuitesInProcess(ForkedBooter.java:115)
at org.apache.maven.surefire.booter.ForkedBooter.main(ForkedBooter.java:75)
]]>
            </full-stacktrace>
          </exception> <!-- java.lang.IllegalAccessError -->
          <reporter-output>
          </reporter-output>
        </test-method> <!-- InvalidDataCase -->
        <test-method status="SKIP" signature="ProductCheckout(java.lang.String)[pri:0, instance:test.DemoAppTest@3e6fa38a]" name="ProductCheckout" duration-ms="0" started-at="2019-10-03T11:37:56Z" finished-at="2019-10-03T11:37:56Z">
          <exception class="java.lang.IllegalAccessError">
            <message>
              <![CDATA[tried to access method com.google.common.util.concurrent.SimpleTimeLimiter.<init>(Ljava/util/concurrent/ExecutorService;)V from class org.openqa.selenium.net.UrlChecker]]>
            </message>
            <full-stacktrace>
              <![CDATA[java.lang.IllegalAccessError: tried to access method com.google.common.util.concurrent.SimpleTimeLimiter.<init>(Ljava/util/concurrent/ExecutorService;)V from class org.openqa.selenium.net.UrlChecker
at org.openqa.selenium.net.UrlChecker.<init>(UrlChecker.java:67)
at org.openqa.selenium.remote.service.DriverService.waitUntilAvailable(DriverService.java:175)
at org.openqa.selenium.remote.service.DriverService.start(DriverService.java:166)
at org.openqa.selenium.remote.service.DriverCommandExecutor.execute(DriverCommandExecutor.java:78)
at org.openqa.selenium.remote.RemoteWebDriver.execute(RemoteWebDriver.java:601)
at org.openqa.selenium.remote.RemoteWebDriver.startSession(RemoteWebDriver.java:241)
at org.openqa.selenium.remote.RemoteWebDriver.<init>(RemoteWebDriver.java:128)
at org.openqa.selenium.remote.RemoteWebDriver.<init>(RemoteWebDriver.java:141)
at org.openqa.selenium.chrome.ChromeDriver.<init>(ChromeDriver.java:174)
at org.openqa.selenium.chrome.ChromeDriver.<init>(ChromeDriver.java:163)
at org.openqa.selenium.chrome.ChromeDriver.<init>(ChromeDriver.java:120)
at Utility.BrowserDetails.setup(BrowserDetails.java:61)
at test.DemoAppTest.settest(DemoAppTest.java:42)
at sun.reflect.NativeMethodAccessorImpl.invoke0(Native Method)
at sun.reflect.NativeMethodAccessorImpl.invoke(NativeMethodAccessorImpl.java:62)
at sun.reflect.DelegatingMethodAccessorImpl.invoke(DelegatingMethodAccessorImpl.java:43)
at java.lang.reflect.Method.invoke(Method.java:498)
at org.testng.internal.MethodInvocationHelper.invokeMethod(MethodInvocationHelper.java:124)
at org.testng.internal.MethodInvocationHelper.invokeMethodConsideringTimeout(MethodInvocationHelper.java:59)
at org.testng.internal.Invoker.invokeConfigurationMethod(Invoker.java:458)
at org.testng.internal.Invoker.invokeConfigurations(Invoker.java:222)
at org.testng.internal.Invoker.invokeMethod(Invoker.java:523)
at org.testng.internal.Invoker.invokeTestMethod(Invoker.java:719)
at org.testng.internal.Invoker.invokeTestMethods(Invoker.java:989)
at org.testng.internal.TestMethodWorker.invokeTestMethods(TestMethodWorker.java:125)
at org.testng.internal.TestMethodWorker.run(TestMethodWorker.java:109)
at org.testng.TestRunner.privateRun(TestRunner.java:648)
at org.testng.TestRunner.run(TestRunner.java:505)
at org.testng.SuiteRunner.runTest(SuiteRunner.java:455)
at org.testng.SuiteRunner.runSequentially(SuiteRunner.java:450)
at org.testng.SuiteRunner.privateRun(SuiteRunner.java:415)
at org.testng.SuiteRunner.run(SuiteRunner.java:364)
at org.testng.SuiteRunnerWorker.runSuite(SuiteRunnerWorker.java:52)
at org.testng.SuiteRunnerWorker.run(SuiteRunnerWorker.java:84)
at org.testng.TestNG.runSuitesSequentially(TestNG.java:1208)
at org.testng.TestNG.runSuitesLocally(TestNG.java:1137)
at org.testng.TestNG.runSuites(TestNG.java:1049)
at org.testng.TestNG.run(TestNG.java:1017)
at org.apache.maven.surefire.testng.TestNGExecutor.run(TestNGExecutor.java:77)
at org.apache.maven.surefire.testng.TestNGDirectoryTestSuite.execute(TestNGDirectoryTestSuite.java:110)
at org.apache.maven.surefire.testng.TestNGProvider.invoke(TestNGProvider.java:106)
at sun.reflect.NativeMethodAccessorImpl.invoke0(Native Method)
at sun.reflect.NativeMethodAccessorImpl.invoke(NativeMethodAccessorImpl.java:62)
at sun.reflect.DelegatingMethodAccessorImpl.invoke(DelegatingMethodAccessorImpl.java:43)
at java.lang.reflect.Method.invoke(Method.java:498)
at org.apache.maven.surefire.util.ReflectionUtils.invokeMethodWithArray(ReflectionUtils.java:189)
at org.apache.maven.surefire.booter.ProviderFactory$ProviderProxy.invoke(ProviderFactory.java:165)
at org.apache.maven.surefire.booter.ProviderFactory.invokeProvider(ProviderFactory.java:85)
at org.apache.maven.surefire.booter.ForkedBooter.runSuitesInProcess(ForkedBooter.java:115)
at org.apache.maven.surefire.booter.ForkedBooter.main(ForkedBooter.java:75)
]]>
            </full-stacktrace>
          </exception> <!-- java.lang.IllegalAccessError -->
          <reporter-output>
          </reporter-output>
        </test-method> <!-- ProductCheckout -->
        <test-method status="SKIP" signature="settest()[pri:0, instance:test.DemoAppTest@3e6fa38a]" name="settest" is-config="true" duration-ms="0" started-at="2019-10-03T11:37:56Z" finished-at="2019-10-03T11:37:56Z">
          <reporter-output>
          </reporter-output>
        </test-method> <!-- settest -->
        <test-method status="SKIP" signature="close()[pri:0, instance:test.DemoAppTest@3e6fa38a]" name="close" is-config="true" duration-ms="0" started-at="2019-10-03T11:37:56Z" finished-at="2019-10-03T11:37:56Z">
          <reporter-output>
          </reporter-output>
        </test-method> <!-- close -->
        <test-method status="SKIP" signature="SearchData(java.lang.String)[pri:1, instance:test.DemoAppTest@3e6fa38a]" name="SearchData" duration-ms="0" started-at="2019-10-03T11:37:56Z" finished-at="2019-10-03T11:37:56Z">
          <exception class="java.lang.IllegalAccessError">
            <message>
              <![CDATA[tried to access method com.google.common.util.concurrent.SimpleTimeLimiter.<init>(Ljava/util/concurrent/ExecutorService;)V from class org.openqa.selenium.net.UrlChecker]]>
            </message>
            <full-stacktrace>
              <![CDATA[java.lang.IllegalAccessError: tried to access method com.google.common.util.concurrent.SimpleTimeLimiter.<init>(Ljava/util/concurrent/ExecutorService;)V from class org.openqa.selenium.net.UrlChecker
at org.openqa.selenium.net.UrlChecker.<init>(UrlChecker.java:67)
at org.openqa.selenium.remote.service.DriverService.waitUntilAvailable(DriverService.java:175)
at org.openqa.selenium.remote.service.DriverService.start(DriverService.java:166)
at org.openqa.selenium.remote.service.DriverCommandExecutor.execute(DriverCommandExecutor.java:78)
at org.openqa.selenium.remote.RemoteWebDriver.execute(RemoteWebDriver.java:601)
at org.openqa.selenium.remote.RemoteWebDriver.startSession(RemoteWebDriver.java:241)
at org.openqa.selenium.remote.RemoteWebDriver.<init>(RemoteWebDriver.java:128)
at org.openqa.selenium.remote.RemoteWebDriver.<init>(RemoteWebDriver.java:141)
at org.openqa.selenium.chrome.ChromeDriver.<init>(ChromeDriver.java:174)
at org.openqa.selenium.chrome.ChromeDriver.<init>(ChromeDriver.java:163)
at org.openqa.selenium.chrome.ChromeDriver.<init>(ChromeDriver.java:120)
at Utility.BrowserDetails.setup(BrowserDetails.java:61)
at test.DemoAppTest.settest(DemoAppTest.java:42)
at sun.reflect.NativeMethodAccessorImpl.invoke0(Native Method)
at sun.reflect.NativeMethodAccessorImpl.invoke(NativeMethodAccessorImpl.java:62)
at sun.reflect.DelegatingMethodAccessorImpl.invoke(DelegatingMethodAccessorImpl.java:43)
at java.lang.reflect.Method.invoke(Method.java:498)
at org.testng.internal.MethodInvocationHelper.invokeMethod(MethodInvocationHelper.java:124)
at org.testng.internal.MethodInvocationHelper.invokeMethodConsideringTimeout(MethodInvocationHelper.java:59)
at org.testng.internal.Invoker.invokeConfigurationMethod(Invoker.java:458)
at org.testng.internal.Invoker.invokeConfigurations(Invoker.java:222)
at org.testng.internal.Invoker.invokeMethod(Invoker.java:523)
at org.testng.internal.Invoker.invokeTestMethod(Invoker.java:719)
at org.testng.internal.Invoker.invokeTestMethods(Invoker.java:989)
at org.testng.internal.TestMethodWorker.invokeTestMethods(TestMethodWorker.java:125)
at org.testng.internal.TestMethodWorker.run(TestMethodWorker.java:109)
at org.testng.TestRunner.privateRun(TestRunner.java:648)
at org.testng.TestRunner.run(TestRunner.java:505)
at org.testng.SuiteRunner.runTest(SuiteRunner.java:455)
at org.testng.SuiteRunner.runSequentially(SuiteRunner.java:450)
at org.testng.SuiteRunner.privateRun(SuiteRunner.java:415)
at org.testng.SuiteRunner.run(SuiteRunner.java:364)
at org.testng.SuiteRunnerWorker.runSuite(SuiteRunnerWorker.java:52)
at org.testng.SuiteRunnerWorker.run(SuiteRunnerWorker.java:84)
at org.testng.TestNG.runSuitesSequentially(TestNG.java:1208)
at org.testng.TestNG.runSuitesLocally(TestNG.java:1137)
at org.testng.TestNG.runSuites(TestNG.java:1049)
at org.testng.TestNG.run(TestNG.java:1017)
at org.apache.maven.surefire.testng.TestNGExecutor.run(TestNGExecutor.java:77)
at org.apache.maven.surefire.testng.TestNGDirectoryTestSuite.execute(TestNGDirectoryTestSuite.java:110)
at org.apache.maven.surefire.testng.TestNGProvider.invoke(TestNGProvider.java:106)
at sun.reflect.NativeMethodAccessorImpl.invoke0(Native Method)
at sun.reflect.NativeMethodAccessorImpl.invoke(NativeMethodAccessorImpl.java:62)
at sun.reflect.DelegatingMethodAccessorImpl.invoke(DelegatingMethodAccessorImpl.java:43)
at java.lang.reflect.Method.invoke(Method.java:498)
at org.apache.maven.surefire.util.ReflectionUtils.invokeMethodWithArray(ReflectionUtils.java:189)
at org.apache.maven.surefire.booter.ProviderFactory$ProviderProxy.invoke(ProviderFactory.java:165)
at org.apache.maven.surefire.booter.ProviderFactory.invokeProvider(ProviderFactory.java:85)
at org.apache.maven.surefire.booter.ForkedBooter.runSuitesInProcess(ForkedBooter.java:115)
at org.apache.maven.surefire.booter.ForkedBooter.main(ForkedBooter.java:75)
]]>
            </full-stacktrace>
          </exception> <!-- java.lang.IllegalAccessError -->
          <reporter-output>
          </reporter-output>
        </test-method> <!-- SearchData -->
        <test-method status="SKIP" signature="settest()[pri:0, instance:test.DemoAppTest@3e6fa38a]" name="settest" is-config="true" duration-ms="0" started-at="2019-10-03T11:37:56Z" finished-at="2019-10-03T11:37:56Z">
          <reporter-output>
          </reporter-output>
        </test-method> <!-- settest -->
        <test-method status="SKIP" signature="close()[pri:0, instance:test.DemoAppTest@3e6fa38a]" name="close" is-config="true" duration-ms="0" started-at="2019-10-03T11:37:56Z" finished-at="2019-10-03T11:37:56Z">
          <reporter-output>
          </reporter-output>
        </test-method> <!-- close -->
      </class> <!-- test.DemoAppTest -->
    </test> <!-- Command line test -->
  </suite> <!-- test.DemoAppTest -->
</testng-results>
