<?xml version="1.0" encoding="UTF-8" ?>
<testsuite tests="15" failures="1" name="test.DemoAppTest" time="9.721" errors="0" skipped="14">
  <properties>
[...]
</properties>
  <testcase classname="test.DemoAppTest" name="settest" time="0.646">
    <failure message="tried to access method com.google.common.util.concurrent.SimpleTimeLimiter.&lt;init&gt;(Ljava/util/concurrent/ExecutorService;)V from class org.openqa.selenium.net.UrlChecker" type="java.lang.IllegalAccessError">java.lang.IllegalAccessError: tried to access method com.google.common.util.concurrent.SimpleTimeLimiter.&lt;init&gt;(Ljava/util/concurrent/ExecutorService;)V from class org.openqa.selenium.net.UrlChecker
	at org.openqa.selenium.net.UrlChecker.&lt;init&gt;(UrlChecker.java:67)
	at org.openqa.selenium.remote.service.DriverService.waitUntilAvailable(DriverService.java:175)
	at org.openqa.selenium.remote.service.DriverService.start(DriverService.java:166)
	at org.openqa.selenium.remote.service.DriverCommandExecutor.execute(DriverCommandExecutor.java:78)
	at org.openqa.selenium.remote.RemoteWebDriver.execute(RemoteWebDriver.java:601)
	at org.openqa.selenium.remote.RemoteWebDriver.startSession(RemoteWebDriver.java:241)
	at org.openqa.selenium.remote.RemoteWebDriver.&lt;init&gt;(RemoteWebDriver.java:128)
	at org.openqa.selenium.remote.RemoteWebDriver.&lt;init&gt;(RemoteWebDriver.java:141)
	at org.openqa.selenium.chrome.ChromeDriver.&lt;init&gt;(ChromeDriver.java:174)
	at org.openqa.selenium.chrome.ChromeDriver.&lt;init&gt;(ChromeDriver.java:163)
	at org.openqa.selenium.chrome.ChromeDriver.&lt;init&gt;(ChromeDriver.java:120)
	at Utility.BrowserDetails.setup(BrowserDetails.java:61)
	at test.DemoAppTest.settest(DemoAppTest.java:42)
</failure>
    <system-out>Configuring TestNG with: org.apache.maven.surefire.testng.conf.TestNG652Configurator@5cbc508c
</system-out>
  </testcase>
  <testcase classname="test.DemoAppTest" name="AccountCreate" time="0.646">
    <skipped/>
  </testcase>
  <testcase classname="test.DemoAppTest" name="close" time="0.647">
    <skipped/>
  </testcase>
  <testcase classname="test.DemoAppTest" name="settest" time="0.647">
    <skipped/>
  </testcase>
  <testcase classname="test.DemoAppTest" name="Downloadpdf" time="0.647">
    <skipped/>
  </testcase>
  <testcase classname="test.DemoAppTest" name="close" time="0.647">
    <skipped/>
  </testcase>
  <testcase classname="test.DemoAppTest" name="settest" time="0.647">
    <skipped/>
  </testcase>
  <testcase classname="test.DemoAppTest" name="InvalidDataCase" time="0.647">
    <skipped/>
  </testcase>
  <testcase classname="test.DemoAppTest" name="close" time="0.648">
    <skipped/>
  </testcase>
  <testcase classname="test.DemoAppTest" name="settest" time="0.649">
    <skipped/>
  </testcase>
  <testcase classname="test.DemoAppTest" name="ProductCheckout" time="0.649">
    <skipped/>
  </testcase>
  <testcase classname="test.DemoAppTest" name="close" time="0.649">
    <skipped/>
  </testcase>
  <testcase classname="test.DemoAppTest" name="settest" time="0.65">
    <skipped/>
  </testcase>
  <testcase classname="test.DemoAppTest" name="SearchData" time="0.651">
    <skipped/>
  </testcase>
  <testcase classname="test.DemoAppTest" name="close" time="0.651">
    <skipped/>
  </testcase>
</testsuite>